{
  "RSpec": {
    "coverage": {
      "/Users/haroonfatih/Projects/Bookmark_challenge_evening_morning/Bookmark_challenge_evening_morning/spec/features/viewing_bookmark_spec.rb": {
        "lines": [
          1,
          1,
          1,
          1,
          1,
          1,
          null,
          null
        ]
      },
      "/Users/haroonfatih/Projects/Bookmark_challenge_evening_morning/Bookmark_challenge_evening_morning/spec/features/viewing_homepage_first_feature_test_spec.rb": {
        "lines": [
          null,
          1,
          1,
          1,
          1,
          null,
          null,
          null
        ]
      }
    },
    "timestamp": 1644922395
  }
}
